{"level":"error","message":"Invalid email or Password","timestamp":"2023-06-20T11:05:14.007Z"}
{"level":"error","message":"Invalid email or Password","timestamp":"2023-06-20T11:06:06.507Z"}
{"level":"error","message":"Invalid email or Password","timestamp":"2023-06-20T11:07:55.578Z"}
{"level":"error","message":"Invalid email or Password","timestamp":"2023-06-20T11:08:40.815Z"}
{"level":"error","message":"Invalid email or Password","timestamp":"2023-06-20T11:10:38.735Z"}
{"level":"error","message":"Invalid email or Password","timestamp":"2023-06-20T11:11:04.742Z"}
{"level":"error","message":"Invalid email or Password","timestamp":"2023-06-20T11:13:02.771Z"}
{"level":"error","message":"Invalid email or Password","timestamp":"2023-06-20T11:14:56.778Z"}
{"level":"error","message":"Invalid email or Password","timestamp":"2023-06-20T11:15:45.370Z"}
{"level":"error","message":"Please Enter Email and Password","timestamp":"2023-06-20T11:16:58.553Z"}
{"level":"error","message":"Invalid email or Password","timestamp":"2023-06-20T11:17:14.652Z"}
{"level":"error","message":"Error while register a User","timestamp":"2023-06-20T11:20:19.743Z"}
{"level":"error","message":"Error while log in a User","timestamp":"2023-06-20T13:00:32.960Z"}
{"level":"error","message":"Error while register a User","timestamp":"2023-06-20T13:00:47.615Z"}
{"level":"error","message":"Invalid credentials","timestamp":"2023-06-20T13:01:23.685Z"}
{"level":"error","message":"Error while log in a User","timestamp":"2023-06-20T13:02:50.205Z"}
{"level":"error","message":"Error while log in a User","timestamp":"2023-06-20T13:03:05.817Z"}
{"level":"error","message":"Error while log in a User","timestamp":"2023-06-20T13:05:30.674Z"}
{"level":"error","message":"Invalid credentials","timestamp":"2023-06-20T13:10:49.289Z"}
{"level":"error","message":"Error while log in a User","timestamp":"2023-06-20T13:11:03.266Z"}
{"level":"error","message":"Error while log in a User","timestamp":"2023-06-20T13:11:29.805Z"}
{"level":"error","message":"Error while log in a User","timestamp":"2023-06-20T13:12:01.735Z"}
{"level":"error","message":"Error while log in a User","timestamp":"2023-06-20T13:15:01.264Z"}
